Added Component: Designator=CoinCell(CoinCell)
Added Component: Designator=prg(ProgrammingHeader)
Added Component: Designator=RFD22301(RFD22301)
Added Component: Designator=SPDT1(CUS-12B)
Added Pin To Net: NetName=VRAW Pin=CoinCell-1
Added Pin To Net: NetName=GND Pin=CoinCell-2
Added Pin To Net: NetName=VRAW Pin=CoinCell-3
Added Pin To Net: NetName=VCC Pin=prg-1
Added Pin To Net: NetName=RESET Pin=prg-2
Added Pin To Net: NetName=GND Pin=prg-3
Added Pin To Net: NetName=RX Pin=prg-4
Added Pin To Net: NetName=TX Pin=prg-5
Added Pin To Net: NetName=GND Pin=RFD22301-1
Added Pin To Net: NetName=GND Pin=RFD22301-2
Added Pin To Net: NetName=GND Pin=RFD22301-8
Added Pin To Net: NetName=GND Pin=RFD22301-9
Added Pin To Net: NetName=GND Pin=RFD22301-10
Added Pin To Net: NetName=GND Pin=RFD22301-12
Added Pin To Net: NetName=RESET Pin=RFD22301-14
Added Pin To Net: NetName=TX Pin=RFD22301-16
Added Pin To Net: NetName=RX Pin=RFD22301-17
Added Pin To Net: NetName=GND Pin=RFD22301-18
Added Pin To Net: NetName=GND Pin=RFD22301-19
Added Pin To Net: NetName=VRAW Pin=SPDT1-2
Added Pin To Net: NetName=VCC Pin=SPDT1-3
Added Member To Class: ClassName=BLETracker_v03 Member=Component CoinCell Coin Cell Holder
Added Member To Class: ClassName=BLETracker_v03 Member=Component prg Programmer
Added Member To Class: ClassName=BLETracker_v03 Member=Component RFD22301 RFD22301 module
Added Member To Class: ClassName=BLETracker_v03 Member=Component SPDT1 CUS-12B SPDT
